<?xml version="1.0" encoding="UTF-8"?>
<testng-results ignored="0" total="1" passed="1" failed="0" skipped="0">
  <reporter-output>
  </reporter-output>
  <suite started-at="2023-06-17T10:03:02 CDT" name="Default suite" finished-at="2023-06-17T10:03:05 CDT" duration-ms="3854">
    <groups>
    </groups>
    <test started-at="2023-06-17T10:03:02 CDT" name="Default test" finished-at="2023-06-17T10:03:05 CDT" duration-ms="3854">
      <class name="test.CustomerAddCategoryTest">
        <test-method signature="userAbleToAddNewCategory()[pri:0, instance:test.CustomerAddCategoryTest@77eca502]" started-at="2023-06-17T10:03:02 CDT" name="userAbleToAddNewCategory" finished-at="2023-06-17T10:03:05 CDT" duration-ms="3804" status="PASS">
          <reporter-output>
          </reporter-output>
        </test-method> <!-- userAbleToAddNewCategory -->
      </class> <!-- test.CustomerAddCategoryTest -->
    </test> <!-- Default test -->
  </suite> <!-- Default suite -->
</testng-results>
